/usr/local/yass/bin/yass: timeout alarm received
No recipient addresses found in header
/usr/local/yass/bin/yass: timeout alarm received
No recipient addresses found in header
No recipient addresses found in header
/usr/local/yass/bin/yass: timeout alarm received
No recipient addresses found in header
No recipient addresses found in header
vicing port 1160 in malloc(): warning: recursive call
Out of memory!
vicing port 1160 in free(): warning: recursive call
vicing port 1160 in free(): warning: recursive call
vicing port 1160 in free(): warning: recursive call
vicing port 1160 in free(): warning: recursive call
vicing port 1160 in free(): warning: recursive call
vicing port 1160 in free(): warning: recursive call
vicing port 1160 in malloc(): warning: recursive call
Out of memory!
Callback called exit at /usr/libdata/perl/5.00503/SelectSaver.pm line 49, <LOCK> chunk 2.
vicing port 1160 in free(): warning: recursive call
vicing port 1160 in free(): warning: recursive call
vicing port 1160 in free(): warning: recursive call
vicing port 1160 in free(): warning: recursive call
vicing port 1160 in free(): warning: recursive call
vicing port 1160 in free(): warning: recursive call
vicing port 1160 in free(): warning: recursive call
vicing port 1160 in free(): warning: recursive call
vicing port 1160 in free(): warning: recursive call
vicing port 1160 in free(): warning: recursive call
vicing port 1160 in free(): warning: recursive call
vicing port 1160 in free(): warning: recursive call
vicing port 1160 in free(): warning: recursive call
vicing port 1160 in free(): warning: recursive call
vicing port 1160 in free(): warning: recursive call
vicing port 1160 in free(): warning: recursive call
vicing port 1160 in free(): warning: recursive call
vicing port 1160 in free(): warning: recursive call
vicing port 1160 in free(): warning: recursive call
vicing port 1160 in free(): warning: recursive call
vicing port 1160 in free(): warning: recursive call
vicing port 1160 in free(): warning: recursive call
vicing port 1160 in free(): warning: recursive call
vicing port 1160 in free(): warning: recursive call
vicing port 1160 in free(): warning: recursive call
vicing port 1160 in free(): warning: recursive call
vicing port 1160 in free(): warning: recursive call
vicing port 1160 in free(): warning: recursive call
vicing port 1160 in free(): warning: recursive call
vicing port 1160 in free(): warning: recursive call
vicing port 1160 in free(): warning: recursive call
vicing port 1160 in free(): warning: recursive call
vicing port 1160 in free(): warning: recursive call
vicing port 1160 in free(): warning: recursive call
vicing port 1160 in free(): warning: recursive call
vicing port 1160 in free(): warning: recursive call
vicing port 1160 in free(): warning: recursive call
vicing port 1160 in free(): warning: recursive call
vicing port 1160 in free(): warning: recursive call
vicing port 1160 in free(): warning: recursive call
vicing port 1160 in free(): warning: recursive call
vicing port 1160 in free(): warning: recursive call
vicing port 1160 in free(): warning: recursive call
vicing port 1160 in free(): warning: recursive call
vicing port 1160 in free(): warning: recursive call
vicing port 1160 in free(): warning: recursive call
vicing port 1160 in free(): warning: recursive call
vicing port 1160 in free(): warning: recursive call
vicing port 1160 in free(): warning: recursive call
vicing port 1160 in free(): warning: recursive call
vicing port 1160 in free(): warning: recursive call
vicing port 1160 in free(): warning: recursive call
vicing port 1160 in free(): warning: recursive call
vicing port 1160 in free(): warning: recursive call
vicing port 1160 in free(): warning: recursive call
vicing port 1160 in free(): warning: recursive call
vicing port 1160 in free(): warning: recursive call
vicing port 1160 in free(): warning: recursive call
vicing port 1160 in free(): warning: recursive call
vicing port 1160 in free(): warning: recursive call
vicing port 1160 in free(): warning: recursive call
vicing port 1160 in free(): warning: recursive call
vicing port 1160 in free(): warning: recursive call
vicing port 1160 in free(): warning: recursive call
vicing port 1160 in free(): warning: recursive call
vicing port 1160 in free(): warning: recursive call
vicing port 1160 in free(): warning: recursive call
vicing port 1160 in free(): warning: recursive call
vicing port 1160 in free(): warning: recursive call
vicing port 1160 in free(): warning: recursive call
vicing port 1160 in free(): warning: recursive call
vicing port 1160 in free(): warning: recursive call
vicing port 1160 in free(): warning: recursive call
vicing port 1160 in free(): warning: recursive call
vicing port 1160 in free(): warning: recursive call
vicing port 1160 in free(): warning: recursive call
vicing port 1160 in free(): warning: recursive call
vicing port 1160 in free(): warning: recursive call
vicing port 1160 in free(): warning: recursive call
vicing port 1160 in free(): warning: recursive call
vicing port 1160 in free(): warning: recursive call
vicing port 1160 in free(): warning: recursive call
vicing port 1160 in free(): warning: recursive call
vicing port 1160 in free(): warning: recursive call
vicing port 1160 in free(): warning: recursive call
vicing port 1160 in free(): warning: recursive call
vicing port 1160 in free(): warning: recursive call
vicing port 1160 in free(): warning: recursive call
vicing port 1160 in free(): warning: recursive call
vicing port 1160 in free(): warning: recursive call
vicing port 1160 in free(): warning: recursive call
vicing port 1160 in free(): warning: recursive call
vicing port 1160 in free(): warning: recursive call
vicing port 1160 in free(): warning: recursive call
vicing port 1160 in free(): warning: recursive call
vicing port 1160 in free(): warning: recursive call
vicing port 1160 in free(): warning: recursive call
vicing port 1160 in free(): warning: recursive call
vicing port 1160 in free(): warning: recursive call
vicing port 1160 in free(): warning: recursive call
vicing port 1160 in free(): warning: recursive call
vicing port 1160 in free(): warning: recursive call
vicing port 1160 in free(): warning: recursive call
vicing port 1160 in free(): warning: recursive call
vicing port 1160 in free(): warning: recursive call
vicing port 1160 in free(): warning: recursive call
vicing port 1160 in free(): warning: recursive call
vicing port 1160 in free(): warning: recursive call
vicing port 1160 in free(): warning: recursive call
vicing port 1160 in free(): warning: recursive call
vicing port 1160 in free(): warning: recursive call
vicing port 1160 in free(): warning: recursive call
vicing port 1160 in free(): warning: recursive call
vicing port 1160 in free(): warning: recursive call
vicing port 1160 in free(): warning: recursive call
vicing port 1160 in free(): warning: recursive call
vicing port 1160 in free(): warning: recursive call
vicing port 1160 in free(): warning: recursive call
vicing port 1160 in free(): warning: recursive call
vicing port 1160 in free(): warning: recursive call
vicing port 1160 in free(): warning: recursive call
vicing port 1160 in free(): warning: recursive call
vicing port 1160 in free(): warning: recursive call
vicing port 1160 in free(): warning: recursive call
vicing port 1160 in free(): warning: recursive call
vicing port 1160 in free(): warning: recursive call
vicing port 1160 in free(): warning: recursive call
vicing port 1160 in free(): warning: recursive call
vicing port 1160 in free(): warning: recursive call
vicing port 1160 in free(): warning: recursive call
vicing port 1160 in free(): warning: recursive call
vicing port 1160 in free(): warning: recursive call
vicing port 1160 in free(): warning: recursive call
vicing port 1160 in free(): warning: recursive call
vicing port 1160 in free(): warning: recursive call
vicing port 1160 in free(): warning: recursive call
vicing port 1160 in free(): warning: recursive call
vicing port 1160 in free(): warning: recursive call
vicing port 1160 in free(): warning: recursive call
vicing port 1160 in free(): warning: recursive call
vicing port 1160 in free(): warning: recursive call
vicing port 1160 in free(): warning: recursive call
vicing port 1160 in free(): warning: recursive call
vicing port 1160 in free(): warning: recursive call
vicing port 1160 in free(): warning: recursive call
vicing port 1160 in free(): warning: recursive call
vicing port 1160 in free(): warning: recursive call
vicing port 1160 in free(): warning: recursive call
vicing port 1160 in free(): warning: recursive call
vicing port 1160 in free(): warning: recursive call
vicing port 1160 in free(): warning: recursive call
vicing port 1160 in free(): warning: recursive call
vicing port 1160 in free(): warning: recursive call
vicing port 1160 in free(): warning: recursive call
vicing port 1160 in free(): warning: recursive call
vicing port 1160 in free(): warning: recursive call
vicing port 1160 in free(): warning: recursive call
vicing port 1160 in free(): warning: recursive call
vicing port 1160 in free(): warning: recursive call
vicing port 1160 in free(): warning: recursive call
vicing port 1160 in free(): warning: recursive call
vicing port 1160 in free(): warning: recursive call
vicing port 1160 in free(): warning: recursive call
vicing port 1160 in free(): warning: recursive call
vicing port 1160 in free(): warning: recursive call
vicing port 1160 in free(): warning: recursive call
vicing port 1160 in free(): warning: recursive call
vicing port 1160 in free(): warning: recursive call
vicing port 1160 in free(): warning: recursive call
vicing port 1160 in free(): warning: recursive call
vicing port 1160 in free(): warning: recursive call
vicing port 1160 in free(): warning: recursive call
vicing port 1160 in free(): warning: recursive call
vicing port 1160 in free(): warning: recursive call
vicing port 1160 in free(): warning: recursive call
vicing port 1160 in free(): warning: recursive call
vicing port 1160 in free(): warning: recursive call
vicing port 1160 in free(): warning: recursive call
vicing port 1160 in free(): warning: recursive call
vicing port 1160 in free(): warning: recursive call
vicing port 1160 in free(): warning: recursive call
vicing port 1160 in free(): warning: recursive call
vicing port 1160 in free(): warning: recursive call
vicing port 1160 in free(): warning: recursive call
vicing port 1160 in free(): warning: recursive call
vicing port 1160 in free(): warning: recursive call
vicing port 1160 in free(): warning: recursive call
vicing port 1160 in free(): warning: recursive call
vicing port 1160 in free(): warning: recursive call
vicing port 1160 in free(): warning: recursive call
vicing port 1160 in free(): warning: recursive call
vicing port 1160 in free(): warning: recursive call
vicing port 1160 in free(): warning: recursive call
vicing port 1160 in free(): warning: recursive call
vicing port 1160 in free(): warning: recursive call
vicing port 1160 in free(): warning: recursive call
vicing port 1160 in free(): warning: recursive call
vicing port 1160 in free(): warning: recursive call
vicing port 1160 in free(): warning: recursive call
vicing port 1160 in free(): warning: recursive call
vicing port 1160 in free(): warning: recursive call
vicing port 1160 in free(): warning: recursive call
vicing port 1160 in free(): warning: recursive call
vicing port 1160 in free(): warning: recursive call
vicing port 1160 in free(): warning: recursive call
vicing port 1160 in free(): warning: recursive call
vicing port 1160 in free(): warning: recursive call
vicing port 1160 in free(): warning: recursive call
vicing port 1160 in free(): warning: recursive call
vicing port 1160 in free(): warning: recursive call
vicing port 1160 in free(): warning: recursive call
vicing port 1160 in free(): warning: recursive call
vicing port 1160 in free(): warning: recursive call
vicing port 1160 in free(): warning: recursive call
vicing port 1160 in free(): warning: recursive call
vicing port 1160 in free(): warning: recursive call
vicing port 1160 in free(): warning: recursive call
vicing port 1160 in free(): warning: recursive call
vicing port 1160 in free(): warning: recursive call
vicing port 1160 in free(): warning: recursive call
vicing port 1160 in free(): warning: recursive call
vicing port 1160 in free(): warning: recursive call
vicing port 1160 in free(): warning: recursive call
vicing port 1160 in free(): warning: recursive call
vicing port 1160 in free(): warning: recursive call
vicing port 1160 in free(): warning: recursive call
vicing port 1160 in free(): warning: recursive call
vicing port 1160 in free(): warning: recursive call
vicing port 1160 in free(): warning: recursive call
vicing port 1160 in free(): warning: recursive call
vicing port 1160 in free(): warning: recursive call
vicing port 1160 in free(): warning: recursive call
vicing port 1160 in free(): warning: recursive call
vicing port 1160 in free(): warning: recursive call
vicing port 1160 in free(): warning: recursive call
vicing port 1160 in free(): warning: recursive call
vicing port 1160 in free(): warning: recursive call
vicing port 1160 in free(): warning: recursive call
vicing port 1160 in free(): warning: recursive call
vicing port 1160 in free(): warning: recursive call
vicing port 1160 in free(): warning: recursive call
vicing port 1160 in free(): warning: recursive call
vicing port 1160 in free(): warning: recursive call
vicing port 1160 in free(): warning: recursive call
vicing port 1160 in free(): warning: recursive call
vicing port 1160 in free(): warning: recursive call
vicing port 1160 in free(): warning: recursive call
vicing port 1160 in free(): warning: recursive call
vicing port 1160 in free(): warning: recursive call
vicing port 1160 in free(): warning: recursive call
vicing port 1160 in free(): warning: recursive call
vicing port 1160 in free(): warning: recursive call
vicing port 1160 in free(): warning: recursive call
vicing port 1160 in free(): warning: recursive call
vicing port 1160 in free(): warning: recursive call
vicing port 1160 in free(): warning: recursive call
vicing port 1160 in free(): warning: recursive call
vicing port 1160 in free(): warning: recursive call
vicing port 1160 in free(): warning: recursive call
vicing port 1160 in free(): warning: recursive call
vicing port 1160 in free(): warning: recursive call
vicing port 1160 in free(): warning: recursive call
vicing port 1160 in free(): warning: recursive call
vicing port 1160 in free(): warning: recursive call
vicing port 1160 in free(): warning: recursive call
vicing port 1160 in free(): warning: recursive call
vicing port 1160 in free(): warning: recursive call
vicing port 1160 in free(): warning: recursive call
vicing port 1160 in free(): warning: recursive call
vicing port 1160 in free(): warning: recursive call
vicing port 1160 in free(): warning: recursive call
vicing port 1160 in free(): warning: recursive call
vicing port 1160 in free(): warning: recursive call
vicing port 1160 in free(): warning: recursive call
vicing port 1160 in free(): warning: recursive call
vicing port 1160 in free(): warning: recursive call
vicing port 1160 in free(): warning: recursive call
vicing port 1160 in free(): warning: recursive call
vicing port 1160 in free(): warning: recursive call
vicing port 1160 in free(): warning: recursive call
vicing port 1160 in free(): warning: recursive call
vicing port 1160 in free(): warning: recursive call
vicing port 1160 in free(): warning: recursive call
vicing port 1160 in free(): warning: recursive call
vicing port 1160 in free(): warning: recursive call
vicing port 1160 in free(): warning: recursive call
vicing port 1160 in free(): warning: recursive call
vicing port 1160 in free(): warning: recursive call
vicing port 1160 in free(): warning: recursive call
vicing port 1160 in free(): warning: recursive call
vicing port 1160 in free(): warning: recursive call
vicing port 1160 in free(): warning: recursive call
vicing port 1160 in free(): warning: recursive call
vicing port 1160 in free(): warning: recursive call
vicing port 1160 in free(): warning: recursive call
vicing port 1160 in free(): warning: recursive call
vicing port 1160 in free(): warning: recursive call
vicing port 1160 in free(): warning: recursive call
vicing port 1160 in free(): warning: recursive call
vicing port 1160 in free(): warning: recursive call
vicing port 1160 in free(): warning: recursive call
vicing port 1160 in free(): warning: recursive call
vicing port 1160 in free(): warning: recursive call
vicing port 1160 in free(): warning: recursive call
vicing port 1160 in free(): warning: recursive call
vicing port 1160 in free(): warning: recursive call
vicing port 1160 in free(): warning: recursive call
vicing port 1160 in free(): warning: recursive call
vicing port 1160 in free(): warning: recursive call
vicing port 1160 in free(): warning: recursive call
vicing port 1160 in free(): warning: recursive call
vicing port 1160 in free(): warning: recursive call
vicing port 1160 in free(): warning: recursive call
vicing port 1160 in free(): warning: recursive call
vicing port 1160 in free(): warning: recursive call
vicing port 1160 in free(): warning: recursive call
vicing port 1160 in free(): warning: recursive call
vicing port 1160 in free(): warning: recursive call
vicing port 1160 in free(): warning: recursive call
vicing port 1160 in free(): warning: recursive call
vicing port 1160 in free(): warning: recursive call
vicing port 1160 in free(): warning: recursive call
vicing port 1160 in free(): warning: recursive call
vicing port 1160 in free(): warning: recursive call
vicing port 1160 in free(): warning: recursive call
vicing port 1160 in free(): warning: recursive call
vicing port 1160 in free(): warning: recursive call
vicing port 1160 in free(): warning: recursive call
vicing port 1160 in free(): warning: recursive call
vicing port 1160 in free(): warning: recursive call
vicing port 1160 in free(): warning: recursive call
vicing port 1160 in free(): warning: recursive call
vicing port 1160 in free(): warning: recursive call
vicing port 1160 in free(): warning: recursive call
vicing port 1160 in free(): warning: recursive call
vicing port 1160 in free(): warning: recursive call
vicing port 1160 in free(): warning: recursive call
vicing port 1160 in free(): warning: recursive call
vicing port 1160 in free(): warning: recursive call
vicing port 1160 in free(): warning: recursive call
vicing port 1160 in free(): warning: recursive call
vicing port 1160 in free(): warning: recursive call
vicing port 1160 in free(): warning: recursive call
vicing port 1160 in free(): warning: recursive call
vicing port 1160 in free(): warning: recursive call
vicing port 1160 in free(): warning: recursive call
vicing port 1160 in free(): warning: recursive call
vicing port 1160 in free(): warning: recursive call
vicing port 1160 in free(): warning: recursive call
vicing port 1160 in free(): warning: recursive call
vicing port 1160 in free(): warning: recursive call
vicing port 1160 in free(): warning: recursive call
vicing port 1160 in free(): warning: recursive call
vicing port 1160 in free(): warning: recursive call
vicing port 1160 in free(): warning: recursive call
vicing port 1160 in free(): warning: recursive call
vicing port 1160 in free(): warning: recursive call
vicing port 1160 in free(): warning: recursive call
vicing port 1160 in free(): warning: recursive call
vicing port 1160 in free(): warning: recursive call
vicing port 1160 in free(): warning: recursive call
vicing port 1160 in free(): warning: recursive call
vicing port 1160 in free(): warning: recursive call
vicing port 1160 in free(): warning: recursive call
vicing port 1160 in free(): warning: recursive call
vicing port 1160 in free(): warning: recursive call
vicing port 1160 in free(): warning: recursive call
vicing port 1160 in free(): warning: recursive call
vicing port 1160 in free(): warning: recursive call
vicing port 1160 in free(): warning: recursive call
vicing port 1160 in free(): warning: recursive call
vicing port 1160 in free(): warning: recursive call
vicing port 1160 in free(): warning: recursive call
vicing port 1160 in free(): warning: recursive call
vicing port 1160 in free(): warning: recursive call
vicing port 1160 in free(): warning: recursive call
vicing port 1160 in free(): warning: recursive call
vicing port 1160 in free(): warning: recursive call
/usr/local/yass/dead.letter... Saved message in /usr/local/yass/dead.letter
/usr/local/yass/bin/yass: can't setup server
/usr/local/yass/bin/yass: timeout alarm received
